<?xml version="1.0" encoding="UTF-8"?>
<!-- Generated by org.testng.reporters.JUnitReportReporter -->
<testsuite hostname="DESKTOP-ALU41OF" failures="0" tests="3" name="MyTestCase" time="8.669" errors="0" timestamp="2023-05-12T10:14:09 EET" skipped="0">
  <testcase classname="MyTestCase" name="AddAllItemToCart" time="5.360"/>
  <system-out/>
  <testcase classname="MyTestCase" name="RemoveAllItemsFromTheCart" time="3.297"/>
  <system-out/>
  <testcase classname="MyTestCase" name="TestTheTitle" time="0.012"/>
  <system-out/>
</testsuite> <!-- MyTestCase -->
